<?xml version="1.0" encoding="UTF-8"?>
<testsuite name="tests.MainPage" tests="2" skipped="0" failures="0" errors="0" timestamp="2020-12-08T22:05:14" hostname="DESKTOP-1DAEM50" time="1.253">
  <properties/>
  <testcase name="AddComputerButton" classname="tests.MainPage" time="0.938"/>
  <testcase name="openTheHomePage" classname="tests.MainPage" time="0.197"/>
  <system-out><![CDATA[]]></system-out>
  <system-err><![CDATA[]]></system-err>
</testsuite>
