<?xml version="1.0" encoding="UTF-8"?>
<testsuite name="tests.MainPage" tests="2" skipped="0" failures="0" errors="0" timestamp="2020-12-09T09:59:11" hostname="DESKTOP-1C5IM9V" time="0.993">
  <properties/>
  <testcase name="AddComputerButton" classname="tests.MainPage" time="0.626"/>
  <testcase name="openTheHomePage" classname="tests.MainPage" time="0.193"/>
  <system-out><![CDATA[]]></system-out>
  <system-err><![CDATA[]]></system-err>
</testsuite>
