<?xml version="1.0" encoding="UTF-8"?>
<!-- Generated by org.testng.reporters.JUnitReportReporter -->
<testsuite name="tests.MainPage" tests="2" time="0.639" ignored="0" failures="0" timestamp="07 Dec 2020 20:35:22 GMT" skipped="0" hostname="DESKTOP-1DAEM50" errors="0">
  <testcase name="openTheHomePage" time="0.194" classname="tests.MainPage"/>
  <testcase name="AddComputerButton" time="0.445" classname="tests.MainPage"/>
</testsuite> <!-- tests.MainPage -->
